<?xml version="1.0" encoding="UTF-8"?>
<testsuite xmlns:xsi="http://www.w3.org/2001/XMLSchema-instance" xsi:noNamespaceSchemaLocation="https://maven.apache.org/surefire/maven-surefire-plugin/xsd/surefire-test-report.xsd" name="com.tranglo.kafka.connect.transform.MyConverterTest" time="0.02" tests="1" errors="0" skipped="0" failures="0">
  <properties>
    <property name="sun.desktop" value="windows"/>
    <property name="awt.toolkit" value="sun.awt.windows.WToolkit"/>
    <property name="java.specification.version" value="11"/>
    <property name="sun.cpu.isalist" value="amd64"/>
    <property name="sun.jnu.encoding" value="Cp1252"/>
    <property name="java.class.path" value="C:\Users\kokchin.yap\Desktop\Kafka\com.tranglo.kafka\tranglo-kafka-connect-transform-project\target\test-classes;C:\Users\kokchin.yap\Desktop\Kafka\com.tranglo.kafka\tranglo-kafka-connect-transform-project\target\classes;C:\Users\kokchin.yap\.m2\repository\com\fasterxml\jackson\core\jackson-databind\2.11.1\jackson-databind-2.11.1.jar;C:\Users\kokchin.yap\.m2\repository\com\fasterxml\jackson\core\jackson-annotations\2.11.1\jackson-annotations-2.11.1.jar;C:\Users\kokchin.yap\.m2\repository\com\fasterxml\jackson\core\jackson-core\2.11.1\jackson-core-2.11.1.jar;C:\Users\kokchin.yap\.m2\repository\org\reflections\reflections\0.9.11\reflections-0.9.11.jar;C:\Users\kokchin.yap\.m2\repository\org\javassist\javassist\3.21.0-GA\javassist-3.21.0-GA.jar;C:\Users\kokchin.yap\.m2\repository\com\google\guava\guava\28.2-jre\guava-28.2-jre.jar;C:\Users\kokchin.yap\.m2\repository\com\google\guava\failureaccess\1.0.1\failureaccess-1.0.1.jar;C:\Users\kokchin.yap\.m2\repository\com\google\guava\listenablefuture\9999.0-empty-to-avoid-conflict-with-guava\listenablefuture-9999.0-empty-to-avoid-conflict-with-guava.jar;C:\Users\kokchin.yap\.m2\repository\com\google\code\findbugs\jsr305\3.0.2\jsr305-3.0.2.jar;C:\Users\kokchin.yap\.m2\repository\org\checkerframework\checker-qual\2.10.0\checker-qual-2.10.0.jar;C:\Users\kokchin.yap\.m2\repository\com\google\errorprone\error_prone_annotations\2.3.4\error_prone_annotations-2.3.4.jar;C:\Users\kokchin.yap\.m2\repository\com\google\j2objc\j2objc-annotations\1.3\j2objc-annotations-1.3.jar;C:\Users\kokchin.yap\.m2\repository\com\github\jcustenborder\kafka\connect\connect-utils\0.4.164\connect-utils-0.4.164.jar;C:\Users\kokchin.yap\.m2\repository\org\freemarker\freemarker\2.3.28\freemarker-2.3.28.jar;C:\Users\kokchin.yap\.m2\repository\org\apache\kafka\connect-api\2.4.0\connect-api-2.4.0.jar;C:\Users\kokchin.yap\.m2\repository\org\apache\kafka\kafka-clients\2.4.0\kafka-clients-2.4.0.jar;C:\Users\kokchin.yap\.m2\repository\com\github\luben\zstd-jni\1.4.3-1\zstd-jni-1.4.3-1.jar;C:\Users\kokchin.yap\.m2\repository\org\lz4\lz4-java\1.6.0\lz4-java-1.6.0.jar;C:\Users\kokchin.yap\.m2\repository\org\xerial\snappy\snappy-java\1.1.7.3\snappy-java-1.1.7.3.jar;C:\Users\kokchin.yap\.m2\repository\org\slf4j\slf4j-api\1.7.28\slf4j-api-1.7.28.jar;C:\Users\kokchin.yap\.m2\repository\javax\ws\rs\javax.ws.rs-api\2.1.1\javax.ws.rs-api-2.1.1.jar;C:\Users\kokchin.yap\.m2\repository\com\github\jcustenborder\docker-compose-junit-extension\0.0.1.2\docker-compose-junit-extension-0.0.1.2.jar;C:\Users\kokchin.yap\.m2\repository\com\palantir\docker\compose\docker-compose-rule-core\0.34.0\docker-compose-rule-core-0.34.0.jar;C:\Users\kokchin.yap\.m2\repository\com\jayway\awaitility\awaitility\1.6.5\awaitility-1.6.5.jar;C:\Users\kokchin.yap\.m2\repository\org\hamcrest\hamcrest-library\1.3\hamcrest-library-1.3.jar;C:\Users\kokchin.yap\.m2\repository\cglib\cglib-nodep\3.1\cglib-nodep-3.1.jar;C:\Users\kokchin.yap\.m2\repository\com\github\zafarkhaja\java-semver\0.9.0\java-semver-0.9.0.jar;C:\Users\kokchin.yap\.m2\repository\commons-io\commons-io\2.4\commons-io-2.4.jar;C:\Users\kokchin.yap\.m2\repository\joda-time\joda-time\2.9.1\joda-time-2.9.1.jar;C:\Users\kokchin.yap\.m2\repository\org\apache\commons\commons-lang3\3.0\commons-lang3-3.0.jar;C:\Users\kokchin.yap\.m2\repository\org\hamcrest\hamcrest-all\1.3\hamcrest-all-1.3.jar;C:\Users\kokchin.yap\.m2\repository\org\hamcrest\hamcrest-core\1.3\hamcrest-core-1.3.jar;C:\Users\kokchin.yap\.m2\repository\com\github\jcustenborder\kafka\connect\connect-utils-testing\0.4.164\connect-utils-testing-0.4.164.jar;C:\Users\kokchin.yap\.m2\repository\com\opencsv\opencsv\3.10\opencsv-3.10.jar;C:\Users\kokchin.yap\.m2\repository\commons-beanutils\commons-beanutils\1.9.3\commons-beanutils-1.9.3.jar;C:\Users\kokchin.yap\.m2\repository\commons-logging\commons-logging\1.2\commons-logging-1.2.jar;C:\Users\kokchin.yap\.m2\repository\commons-collections\commons-collections\3.2.2\commons-collections-3.2.2.jar;C:\Users\kokchin.yap\.m2\repository\io\github\java-diff-utils\java-diff-utils\4.0\java-diff-utils-4.0.jar;C:\Users\kokchin.yap\.m2\repository\org\eclipse\jgit\org.eclipse.jgit\4.4.1.201607150455-r\org.eclipse.jgit-4.4.1.201607150455-r.jar;C:\Users\kokchin.yap\.m2\repository\com\github\jcustenborder\kafka\connect\connect-utils-testing-data\0.4.164\connect-utils-testing-data-0.4.164.jar;C:\Users\kokchin.yap\.m2\repository\org\junit\jupiter\junit-jupiter-engine\5.6.0\junit-jupiter-engine-5.6.0.jar;C:\Users\kokchin.yap\.m2\repository\org\apiguardian\apiguardian-api\1.1.0\apiguardian-api-1.1.0.jar;C:\Users\kokchin.yap\.m2\repository\org\junit\platform\junit-platform-engine\1.6.0\junit-platform-engine-1.6.0.jar;C:\Users\kokchin.yap\.m2\repository\org\junit\jupiter\junit-jupiter-api\5.6.0\junit-jupiter-api-5.6.0.jar;C:\Users\kokchin.yap\.m2\repository\org\opentest4j\opentest4j\1.2.0\opentest4j-1.2.0.jar;C:\Users\kokchin.yap\.m2\repository\org\junit\platform\junit-platform-commons\1.6.0\junit-platform-commons-1.6.0.jar;C:\Users\kokchin.yap\.m2\repository\org\junit\jupiter\junit-jupiter-params\5.6.0\junit-jupiter-params-5.6.0.jar;C:\Users\kokchin.yap\.m2\repository\org\mockito\mockito-core\3.3.0\mockito-core-3.3.0.jar;C:\Users\kokchin.yap\.m2\repository\net\bytebuddy\byte-buddy\1.10.5\byte-buddy-1.10.5.jar;C:\Users\kokchin.yap\.m2\repository\net\bytebuddy\byte-buddy-agent\1.10.5\byte-buddy-agent-1.10.5.jar;C:\Users\kokchin.yap\.m2\repository\org\objenesis\objenesis\2.6\objenesis-2.6.jar;C:\Users\kokchin.yap\.m2\repository\ch\qos\logback\logback-classic\1.1.8\logback-classic-1.1.8.jar;C:\Users\kokchin.yap\.m2\repository\ch\qos\logback\logback-core\1.1.8\logback-core-1.1.8.jar;"/>
    <property name="java.vm.vendor" value="AdoptOpenJDK"/>
    <property name="sun.arch.data.model" value="64"/>
    <property name="user.variant" value=""/>
    <property name="java.vendor.url" value="https://adoptopenjdk.net/"/>
    <property name="user.timezone" value=""/>
    <property name="java.vm.specification.version" value="11"/>
    <property name="os.name" value="Windows 10"/>
    <property name="sun.java.launcher" value="SUN_STANDARD"/>
    <property name="user.country" value="MY"/>
    <property name="sun.boot.library.path" value="C:\Program Files\AdoptOpenJDK\jdk-11.0.7.10-hotspot\bin"/>
    <property name="sun.java.command" value="C:\Users\kokchin.yap\AppData\Local\Temp\surefire5535305091082794477\surefirebooter253223380140740685.jar C:\Users\kokchin.yap\AppData\Local\Temp\surefire5535305091082794477 2020-06-30T14-42-57_344-jvmRun1 surefire10341254984090545540tmp surefire_015870667828047683380tmp"/>
    <property name="jdk.debug" value="release"/>
    <property name="surefire.test.class.path" value="C:\Users\kokchin.yap\Desktop\Kafka\com.tranglo.kafka\tranglo-kafka-connect-transform-project\target\test-classes;C:\Users\kokchin.yap\Desktop\Kafka\com.tranglo.kafka\tranglo-kafka-connect-transform-project\target\classes;C:\Users\kokchin.yap\.m2\repository\com\fasterxml\jackson\core\jackson-databind\2.11.1\jackson-databind-2.11.1.jar;C:\Users\kokchin.yap\.m2\repository\com\fasterxml\jackson\core\jackson-annotations\2.11.1\jackson-annotations-2.11.1.jar;C:\Users\kokchin.yap\.m2\repository\com\fasterxml\jackson\core\jackson-core\2.11.1\jackson-core-2.11.1.jar;C:\Users\kokchin.yap\.m2\repository\org\reflections\reflections\0.9.11\reflections-0.9.11.jar;C:\Users\kokchin.yap\.m2\repository\org\javassist\javassist\3.21.0-GA\javassist-3.21.0-GA.jar;C:\Users\kokchin.yap\.m2\repository\com\google\guava\guava\28.2-jre\guava-28.2-jre.jar;C:\Users\kokchin.yap\.m2\repository\com\google\guava\failureaccess\1.0.1\failureaccess-1.0.1.jar;C:\Users\kokchin.yap\.m2\repository\com\google\guava\listenablefuture\9999.0-empty-to-avoid-conflict-with-guava\listenablefuture-9999.0-empty-to-avoid-conflict-with-guava.jar;C:\Users\kokchin.yap\.m2\repository\com\google\code\findbugs\jsr305\3.0.2\jsr305-3.0.2.jar;C:\Users\kokchin.yap\.m2\repository\org\checkerframework\checker-qual\2.10.0\checker-qual-2.10.0.jar;C:\Users\kokchin.yap\.m2\repository\com\google\errorprone\error_prone_annotations\2.3.4\error_prone_annotations-2.3.4.jar;C:\Users\kokchin.yap\.m2\repository\com\google\j2objc\j2objc-annotations\1.3\j2objc-annotations-1.3.jar;C:\Users\kokchin.yap\.m2\repository\com\github\jcustenborder\kafka\connect\connect-utils\0.4.164\connect-utils-0.4.164.jar;C:\Users\kokchin.yap\.m2\repository\org\freemarker\freemarker\2.3.28\freemarker-2.3.28.jar;C:\Users\kokchin.yap\.m2\repository\org\apache\kafka\connect-api\2.4.0\connect-api-2.4.0.jar;C:\Users\kokchin.yap\.m2\repository\org\apache\kafka\kafka-clients\2.4.0\kafka-clients-2.4.0.jar;C:\Users\kokchin.yap\.m2\repository\com\github\luben\zstd-jni\1.4.3-1\zstd-jni-1.4.3-1.jar;C:\Users\kokchin.yap\.m2\repository\org\lz4\lz4-java\1.6.0\lz4-java-1.6.0.jar;C:\Users\kokchin.yap\.m2\repository\org\xerial\snappy\snappy-java\1.1.7.3\snappy-java-1.1.7.3.jar;C:\Users\kokchin.yap\.m2\repository\org\slf4j\slf4j-api\1.7.28\slf4j-api-1.7.28.jar;C:\Users\kokchin.yap\.m2\repository\javax\ws\rs\javax.ws.rs-api\2.1.1\javax.ws.rs-api-2.1.1.jar;C:\Users\kokchin.yap\.m2\repository\com\github\jcustenborder\docker-compose-junit-extension\0.0.1.2\docker-compose-junit-extension-0.0.1.2.jar;C:\Users\kokchin.yap\.m2\repository\com\palantir\docker\compose\docker-compose-rule-core\0.34.0\docker-compose-rule-core-0.34.0.jar;C:\Users\kokchin.yap\.m2\repository\com\jayway\awaitility\awaitility\1.6.5\awaitility-1.6.5.jar;C:\Users\kokchin.yap\.m2\repository\org\hamcrest\hamcrest-library\1.3\hamcrest-library-1.3.jar;C:\Users\kokchin.yap\.m2\repository\cglib\cglib-nodep\3.1\cglib-nodep-3.1.jar;C:\Users\kokchin.yap\.m2\repository\com\github\zafarkhaja\java-semver\0.9.0\java-semver-0.9.0.jar;C:\Users\kokchin.yap\.m2\repository\commons-io\commons-io\2.4\commons-io-2.4.jar;C:\Users\kokchin.yap\.m2\repository\joda-time\joda-time\2.9.1\joda-time-2.9.1.jar;C:\Users\kokchin.yap\.m2\repository\org\apache\commons\commons-lang3\3.0\commons-lang3-3.0.jar;C:\Users\kokchin.yap\.m2\repository\org\hamcrest\hamcrest-all\1.3\hamcrest-all-1.3.jar;C:\Users\kokchin.yap\.m2\repository\org\hamcrest\hamcrest-core\1.3\hamcrest-core-1.3.jar;C:\Users\kokchin.yap\.m2\repository\com\github\jcustenborder\kafka\connect\connect-utils-testing\0.4.164\connect-utils-testing-0.4.164.jar;C:\Users\kokchin.yap\.m2\repository\com\opencsv\opencsv\3.10\opencsv-3.10.jar;C:\Users\kokchin.yap\.m2\repository\commons-beanutils\commons-beanutils\1.9.3\commons-beanutils-1.9.3.jar;C:\Users\kokchin.yap\.m2\repository\commons-logging\commons-logging\1.2\commons-logging-1.2.jar;C:\Users\kokchin.yap\.m2\repository\commons-collections\commons-collections\3.2.2\commons-collections-3.2.2.jar;C:\Users\kokchin.yap\.m2\repository\io\github\java-diff-utils\java-diff-utils\4.0\java-diff-utils-4.0.jar;C:\Users\kokchin.yap\.m2\repository\org\eclipse\jgit\org.eclipse.jgit\4.4.1.201607150455-r\org.eclipse.jgit-4.4.1.201607150455-r.jar;C:\Users\kokchin.yap\.m2\repository\com\github\jcustenborder\kafka\connect\connect-utils-testing-data\0.4.164\connect-utils-testing-data-0.4.164.jar;C:\Users\kokchin.yap\.m2\repository\org\junit\jupiter\junit-jupiter-engine\5.6.0\junit-jupiter-engine-5.6.0.jar;C:\Users\kokchin.yap\.m2\repository\org\apiguardian\apiguardian-api\1.1.0\apiguardian-api-1.1.0.jar;C:\Users\kokchin.yap\.m2\repository\org\junit\platform\junit-platform-engine\1.6.0\junit-platform-engine-1.6.0.jar;C:\Users\kokchin.yap\.m2\repository\org\junit\jupiter\junit-jupiter-api\5.6.0\junit-jupiter-api-5.6.0.jar;C:\Users\kokchin.yap\.m2\repository\org\opentest4j\opentest4j\1.2.0\opentest4j-1.2.0.jar;C:\Users\kokchin.yap\.m2\repository\org\junit\platform\junit-platform-commons\1.6.0\junit-platform-commons-1.6.0.jar;C:\Users\kokchin.yap\.m2\repository\org\junit\jupiter\junit-jupiter-params\5.6.0\junit-jupiter-params-5.6.0.jar;C:\Users\kokchin.yap\.m2\repository\org\mockito\mockito-core\3.3.0\mockito-core-3.3.0.jar;C:\Users\kokchin.yap\.m2\repository\net\bytebuddy\byte-buddy\1.10.5\byte-buddy-1.10.5.jar;C:\Users\kokchin.yap\.m2\repository\net\bytebuddy\byte-buddy-agent\1.10.5\byte-buddy-agent-1.10.5.jar;C:\Users\kokchin.yap\.m2\repository\org\objenesis\objenesis\2.6\objenesis-2.6.jar;C:\Users\kokchin.yap\.m2\repository\ch\qos\logback\logback-classic\1.1.8\logback-classic-1.1.8.jar;C:\Users\kokchin.yap\.m2\repository\ch\qos\logback\logback-core\1.1.8\logback-core-1.1.8.jar;"/>
    <property name="sun.cpu.endian" value="little"/>
    <property name="user.home" value="C:\Users\kokchin.yap"/>
    <property name="user.language" value="en"/>
    <property name="java.specification.vendor" value="Oracle Corporation"/>
    <property name="java.version.date" value="2020-04-14"/>
    <property name="java.home" value="C:\Program Files\AdoptOpenJDK\jdk-11.0.7.10-hotspot"/>
    <property name="file.separator" value="\"/>
    <property name="basedir" value="C:\Users\kokchin.yap\Desktop\Kafka\com.tranglo.kafka\tranglo-kafka-connect-transform-project"/>
    <property name="java.vm.compressedOopsMode" value="Zero based"/>
    <property name="line.separator" value="&#10;"/>
    <property name="java.specification.name" value="Java Platform API Specification"/>
    <property name="java.vm.specification.vendor" value="Oracle Corporation"/>
    <property name="java.awt.graphicsenv" value="sun.awt.Win32GraphicsEnvironment"/>
    <property name="surefire.real.class.path" value="C:\Users\kokchin.yap\AppData\Local\Temp\surefire5535305091082794477\surefirebooter253223380140740685.jar"/>
    <property name="user.script" value=""/>
    <property name="sun.management.compiler" value="HotSpot 64-Bit Tiered Compilers"/>
    <property name="java.runtime.version" value="11.0.7+10"/>
    <property name="user.name" value="kokchin.yap"/>
    <property name="path.separator" value=";"/>
    <property name="os.version" value="10.0"/>
    <property name="java.runtime.name" value="OpenJDK Runtime Environment"/>
    <property name="file.encoding" value="Cp1252"/>
    <property name="java.vm.name" value="OpenJDK 64-Bit Server VM"/>
    <property name="java.vendor.version" value="AdoptOpenJDK"/>
    <property name="localRepository" value="C:\Users\kokchin.yap\.m2\repository"/>
    <property name="java.vendor.url.bug" value="https://github.com/AdoptOpenJDK/openjdk-support/issues"/>
    <property name="java.io.tmpdir" value="C:\Users\kokchin.yap\AppData\Local\Temp\"/>
    <property name="java.version" value="11.0.7"/>
    <property name="user.dir" value="C:\Users\kokchin.yap\Desktop\Kafka\com.tranglo.kafka\tranglo-kafka-connect-transform-project"/>
    <property name="os.arch" value="amd64"/>
    <property name="java.vm.specification.name" value="Java Virtual Machine Specification"/>
    <property name="java.awt.printerjob" value="sun.awt.windows.WPrinterJob"/>
    <property name="sun.os.patch.level" value=""/>
    <property name="java.library.path" value="C:\Program Files\AdoptOpenJDK\jdk-11.0.7.10-hotspot\bin;C:\WINDOWS\Sun\Java\bin;C:\WINDOWS\system32;C:\WINDOWS;C:\Program Files\AdoptOpenJDK\jdk-11.0.7.10-hotspot\bin;C:\Program Files (x86)\Common Files\Oracle\Java\javapath;C:\WINDOWS\system32;C:\WINDOWS;C:\WINDOWS\System32\Wbem;C:\WINDOWS\System32\WindowsPowerShell\v1.0\;C:\WINDOWS\System32\OpenSSH\;C:\Program Files (x86)\Microsoft SQL Server\Client SDK\ODBC\130\Tools\Binn\;C:\Program Files (x86)\Microsoft SQL Server\140\Tools\Binn\;C:\Program Files (x86)\Microsoft SQL Server\140\DTS\Binn\;C:\Program Files (x86)\Microsoft SQL Server\140\Tools\Binn\ManagementStudio\;C:\Program Files\TortoiseSVN\bin;C:\Program Files\dotnet\;C:\Program Files\Microsoft SQL Server\130\Tools\Binn\;C:\Program Files\Microsoft VS Code\bin;C:\Program Files\PuTTY\;C:\HashiCorp\Vagrant\bin;C:\Program Files (x86)\Bitvise SSH Client;C:\Program Files (x86)\dotnet\;C:\Go\bin;C:\Program Files\Microsoft SQL Server\Client SDK\ODBC\170\Tools\Binn\;C:\Program Files (x86)\Microsoft SQL Server\150\Tools\Binn\;C:\Program Files\Microsoft SQL Server\150\Tools\Binn\;C:\Program Files\Microsoft SQL Server\150\DTS\Binn\;C:\Program Files (x86)\Microsoft SQL Server\150\DTS\Binn\;C:\Program Files\nodejs\;C:\apache-maven-3.6.3\bin;C:\Program Files\Git\cmd;C:\Program Files\Docker\Docker\resources\bin;C:\ProgramData\DockerDesktop\version-bin;C:\Program Files\MySQL\MySQL Shell 8.0\bin\;C:\Users\kokchin.yap\.windows-build-tools\python27\;C:\Program Files\nodejs\node_modules\npm\node_modules\npm-lifecycle\node-gyp-bin;C:\Users\kokchin.yap\AppData\Roaming\npm\node_modules\windows-build-tools\node_modules\.bin;C:\Users\kokchin.yap\AppData\Roaming\npm\node_modules\.bin;C:\WINDOWS\system32;C:\WINDOWS;C:\WINDOWS\System32\Wbem;C:\WINDOWS\System32\WindowsPowerShell\v1.0\;C:\WINDOWS\System32\OpenSSH\;C:\Program Files (x86)\Microsoft SQL Server\Client SDK\ODBC\130\Tools\Binn\;C:\Program Files (x86)\Microsoft SQL Server\140\Tools\Binn\;C:\Program Files (x86)\Microsoft SQL Server\140\DTS\Binn\;C:\Program Files (x86)\Microsoft SQL Server\140\Tools\Binn\ManagementStudio\;C:\Program Files\TortoiseSVN\bin;C:\Program Files\dotnet\;C:\Program Files\Microsoft SQL Server\130\Tools\Binn\;C:\Program Files\Microsoft VS Code\bin;C:\Program Files\Git\cmd;C:\Program Files\nodejs\;C:\Users\kokchin.yap\AppData\Local\Microsoft\WindowsApps;C:\Users\kokchin.yap\AppData\Local\GitHubDesktop\bin;C:\Users\kokchin.yap\go\bin;C:\Users\kokchin.yap\.dotnet\tools;C:\Users\kokchin.yap\AppData\Local\Microsoft\WindowsApps;C:\Users\kokchin.yap\AppData\Roaming\npm;."/>
    <property name="java.vendor" value="AdoptOpenJDK"/>
    <property name="java.vm.info" value="mixed mode"/>
    <property name="java.vm.version" value="11.0.7+10"/>
    <property name="sun.io.unicode.encoding" value="UnicodeLittle"/>
    <property name="java.class.version" value="55.0"/>
  </properties>
  <testcase name="test" classname="com.tranglo.kafka.connect.transform.MyConverterTest" time="0"/>
</testsuite>